TN:
SF:src/contract.ts
FN:7,isRecord
FN:25,contractTest
FN:29,(anonymous_2)
FNF:3
FNH:3
FNDA:25,isRecord
FNDA:5,contractTest
FNDA:8,(anonymous_2)
DA:8,25
DA:28,5
DA:29,5
DA:30,8
DA:32,5
DA:33,1
DA:41,4
DA:42,4
DA:44,7
DA:45,7
DA:46,1
DA:47,1
DA:49,6
DA:50,1
DA:51,5
DA:52,1
DA:54,4
DA:56,6
DA:57,2
DA:59,6
DA:60,1
DA:61,5
DA:62,2
DA:66,4
LF:24
LH:24
BRDA:8,0,0,25
BRDA:8,0,1,22
BRDA:8,0,2,22
BRDA:32,1,0,1
BRDA:32,1,1,4
BRDA:32,2,0,5
BRDA:32,2,1,5
BRDA:44,3,0,6
BRDA:44,3,1,1
BRDA:44,4,0,7
BRDA:44,4,1,6
BRDA:45,5,0,1
BRDA:45,5,1,6
BRDA:49,6,0,1
BRDA:49,6,1,5
BRDA:49,7,0,6
BRDA:49,7,1,6
BRDA:51,8,0,1
BRDA:51,8,1,4
BRDA:56,9,0,2
BRDA:56,9,1,4
BRDA:56,10,0,6
BRDA:56,10,1,6
BRDA:59,11,0,1
BRDA:59,11,1,5
BRDA:61,12,0,2
BRDA:61,12,1,3
BRF:27
BRH:27
end_of_record
TN:
SF:src/guard.ts
FN:27,toPatterns
FN:28,(anonymous_1)
FN:33,redactContent
FN:37,(anonymous_3)
FN:47,byteLength
FN:67,guard
FN:73,callTool
FN:85,(anonymous_7)
FN:87,(anonymous_8)
FN:94,(anonymous_9)
FNF:10
FNH:9
FNDA:7,toPatterns
FNDA:4,(anonymous_1)
FNDA:2,redactContent
FNDA:2,(anonymous_3)
FNDA:5,byteLength
FNDA:7,guard
FNDA:7,callTool
FNDA:0,(anonymous_7)
FNDA:1,(anonymous_8)
FNDA:5,(anonymous_9)
DA:16,1
DA:18,1
DA:25,1
DA:28,7
DA:29,6
DA:30,5
DA:37,2
DA:38,2
DA:39,2
DA:40,5
DA:41,5
DA:43,2
DA:48,5
DA:68,7
DA:69,7
DA:70,7
DA:71,7
DA:78,7
DA:79,1
DA:84,6
DA:85,6
DA:86,6
DA:87,7
DA:88,1
DA:91,7
DA:92,7
DA:93,5
DA:94,7
DA:95,5
DA:98,7
DA:99,1
DA:104,4
DA:106,2
DA:107,1
DA:112,1
DA:114,6
DA:115,6
DA:119,7
LF:38
LH:38
BRDA:28,0,0,1
BRDA:28,0,1,6
BRDA:29,1,0,1
BRDA:29,1,1,5
BRDA:29,2,0,6
BRDA:29,2,1,1
BRDA:43,3,0,0
BRDA:43,3,1,2
BRDA:68,4,0,7
BRDA:68,4,1,5
BRDA:70,5,0,7
BRDA:70,5,1,6
BRDA:75,6,0,7
BRDA:78,7,0,1
BRDA:78,7,1,6
BRDA:78,8,0,7
BRDA:78,8,1,2
BRDA:93,9,0,2
BRDA:93,9,1,3
BRDA:98,10,0,1
BRDA:98,10,1,6
BRDA:104,11,0,2
BRDA:104,11,1,2
BRDA:106,12,0,1
BRDA:106,12,1,1
BRDA:106,13,0,2
BRDA:106,13,1,2
BRF:27
BRH:26
end_of_record
TN:
SF:src/mock.ts
FN:16,toText
FN:40,createMockServer
FN:57,callTool
FN:62,(anonymous_3)
FN:80,(anonymous_4)
FN:81,(anonymous_5)
FN:85,(anonymous_6)
FN:103,(anonymous_7)
FNF:8
FNH:7
FNDA:7,toText
FNDA:16,createMockServer
FNDA:13,callTool
FNDA:13,(anonymous_3)
FNDA:2,(anonymous_4)
FNDA:0,(anonymous_5)
FNDA:2,(anonymous_6)
FNDA:2,(anonymous_7)
DA:17,7
DA:18,2
DA:19,2
DA:21,1
DA:45,16
DA:46,16
DA:48,16
DA:49,22
DA:50,1
DA:62,13
DA:63,13
DA:64,1
DA:69,12
DA:70,12
DA:71,1
DA:76,11
DA:77,1
DA:79,10
DA:80,2
DA:81,2
DA:82,0
DA:83,0
DA:85,2
DA:86,2
DA:87,2
DA:89,2
DA:92,8
DA:93,8
DA:94,7
DA:96,1
DA:97,1
DA:101,15
DA:103,2
LF:33
LH:31
BRDA:17,0,0,5
BRDA:17,0,1,2
BRDA:46,1,0,16
BRDA:46,1,1,9
BRDA:49,2,0,1
BRDA:49,2,1,21
BRDA:49,3,0,22
BRDA:49,3,1,22
BRDA:59,4,0,13
BRDA:63,5,0,1
BRDA:63,5,1,12
BRDA:70,6,0,1
BRDA:70,6,1,11
BRDA:76,7,0,1
BRDA:76,7,1,10
BRDA:79,8,0,2
BRDA:79,8,1,8
BRDA:96,9,0,1
BRDA:96,9,1,0
BRF:19
BRH:18
end_of_record
TN:
SF:src/types.ts
FN:53,constructor
FNF:1
FNH:1
FNDA:8,constructor
DA:54,8
DA:55,8
DA:56,8
DA:61,2
LF:4
LH:4
BRF:0
BRH:0
end_of_record
TN:
SF:src/validate.ts
FN:13,isRecord
FN:17,checkType
FN:49,checkStringConstraints
FN:74,checkNumberConstraints
FN:87,checkEnum
FN:113,validateArgs
FN:129,(anonymous_6)
FN:168,(anonymous_7)
FNF:8
FNH:8
FNDA:110,isRecord
FNDA:40,checkType
FNDA:9,checkStringConstraints
FNDA:7,checkNumberConstraints
FNDA:2,checkEnum
FNDA:22,validateArgs
FNDA:6,(anonymous_6)
FNDA:8,(anonymous_7)
DA:14,110
DA:18,40
DA:20,19
DA:25,10
DA:26,1
DA:28,9
DA:29,2
DA:31,7
DA:33,2
DA:37,6
DA:41,3
DA:45,0
DA:55,9
DA:56,1
DA:58,9
DA:59,1
DA:61,9
DA:63,5
DA:64,5
DA:66,1
DA:68,5
DA:69,1
DA:80,7
DA:81,1
DA:83,7
DA:84,1
DA:92,2
DA:93,1
DA:95,1
DA:117,22
DA:118,22
DA:119,1
DA:124,21
DA:125,22
DA:128,22
DA:129,6
DA:132,22
DA:133,6
DA:134,2
DA:138,21
DA:139,45
DA:140,34
DA:141,34
DA:142,34
DA:143,32
DA:144,32
DA:145,8
DA:146,8
DA:148,24
DA:149,9
DA:151,24
DA:155,7
DA:158,26
DA:159,2
DA:160,2
DA:162,26
DA:167,4
DA:168,4
DA:169,8
DA:170,8
DA:171,8
DA:174,4
DA:175,1
DA:177,4
DA:178,1
DA:181,26
DA:186,1
DA:194,1
DA:195,1
DA:200,21
LF:70
LH:69
BRDA:14,0,0,110
BRDA:14,0,1,106
BRDA:14,0,2,106
BRDA:18,1,0,19
BRDA:18,1,1,2
BRDA:18,1,2,10
BRDA:18,1,3,2
BRDA:18,1,4,6
BRDA:18,1,5,3
BRDA:18,1,6,0
BRDA:20,2,0,16
BRDA:20,2,1,3
BRDA:25,3,0,1
BRDA:25,3,1,9
BRDA:25,4,0,10
BRDA:25,4,1,10
BRDA:28,5,0,2
BRDA:28,5,1,7
BRDA:28,6,0,9
BRDA:28,6,1,8
BRDA:33,7,0,1
BRDA:33,7,1,1
BRDA:37,8,0,5
BRDA:37,8,1,1
BRDA:41,9,0,2
BRDA:41,9,1,1
BRDA:43,10,0,1
BRDA:43,10,1,0
BRDA:55,11,0,1
BRDA:55,11,1,8
BRDA:55,12,0,9
BRDA:55,12,1,4
BRDA:58,13,0,1
BRDA:58,13,1,8
BRDA:58,14,0,9
BRDA:58,14,1,4
BRDA:61,15,0,5
BRDA:61,15,1,4
BRDA:68,16,0,1
BRDA:68,16,1,4
BRDA:68,17,0,5
BRDA:68,17,1,4
BRDA:80,18,0,1
BRDA:80,18,1,6
BRDA:80,19,0,7
BRDA:80,19,1,3
BRDA:83,20,0,1
BRDA:83,20,1,6
BRDA:83,21,0,7
BRDA:83,21,1,3
BRDA:92,22,0,1
BRDA:92,22,1,1
BRDA:118,23,0,1
BRDA:118,23,1,21
BRDA:124,24,0,21
BRDA:124,24,1,0
BRDA:125,25,0,20
BRDA:125,25,1,1
BRDA:128,26,0,6
BRDA:128,26,1,15
BRDA:133,27,0,2
BRDA:133,27,1,4
BRDA:133,28,0,6
BRDA:133,28,1,4
BRDA:139,29,0,11
BRDA:139,29,1,34
BRDA:139,30,0,45
BRDA:139,30,1,34
BRDA:140,31,0,0
BRDA:140,31,1,34
BRDA:142,32,0,32
BRDA:142,32,1,2
BRDA:144,33,0,8
BRDA:144,33,1,24
BRDA:148,34,0,9
BRDA:148,34,1,15
BRDA:148,35,0,24
BRDA:148,35,1,9
BRDA:151,36,0,7
BRDA:151,36,1,17
BRDA:151,37,0,24
BRDA:151,37,1,23
BRDA:151,37,2,7
BRDA:158,38,0,2
BRDA:158,38,1,24
BRDA:160,39,0,1
BRDA:160,39,1,1
BRDA:162,40,0,4
BRDA:162,40,1,22
BRDA:163,41,0,26
BRDA:163,41,1,5
BRDA:163,41,2,5
BRDA:169,42,0,8
BRDA:169,42,1,0
BRDA:171,43,0,1
BRDA:171,43,1,7
BRDA:174,44,0,1
BRDA:174,44,1,3
BRDA:174,45,0,4
BRDA:174,45,1,4
BRDA:177,46,0,1
BRDA:177,46,1,3
BRDA:177,47,0,4
BRDA:177,47,1,4
BRDA:181,48,0,1
BRDA:181,48,1,25
BRDA:182,49,0,26
BRDA:182,49,1,2
BRDA:182,49,2,2
BRF:109
BRH:104
end_of_record
