TN:
SF:src/contract.ts
FN:7,isRecord
FN:25,contractTest
FN:29,fail
FNF:3
FNH:3
FNDA:25,isRecord
FNDA:5,contractTest
FNDA:8,fail
DA:7,25
DA:8,25
DA:9,25
DA:25,5
DA:26,5
DA:27,5
DA:28,5
DA:29,5
DA:30,8
DA:32,5
DA:33,1
DA:34,1
DA:35,1
DA:36,1
DA:37,1
DA:38,1
DA:39,1
DA:41,4
DA:42,5
DA:43,7
DA:44,7
DA:45,7
DA:46,1
DA:47,1
DA:48,1
DA:49,7
DA:50,1
DA:51,7
DA:52,1
DA:53,5
DA:54,4
DA:55,4
DA:56,7
DA:57,2
DA:58,2
DA:59,7
DA:60,1
DA:61,7
DA:62,2
DA:63,2
DA:64,7
DA:66,4
DA:67,4
LF:43
LH:43
BRDA:7,0,0,25
BRDA:8,1,0,22
BRDA:8,2,0,22
BRDA:25,3,0,5
BRDA:32,4,0,1
BRDA:39,5,0,4
BRDA:42,6,0,7
BRDA:44,7,0,6
BRDA:44,8,0,6
BRDA:44,9,0,1
BRDA:45,10,0,1
BRDA:48,11,0,6
BRDA:49,12,0,1
BRDA:51,13,0,5
BRDA:51,14,0,1
BRDA:53,15,0,4
BRDA:55,16,0,6
BRDA:56,17,0,2
BRDA:58,18,0,6
BRDA:59,19,0,1
BRDA:61,20,0,5
BRDA:61,21,0,2
BRDA:64,22,0,4
BRDA:29,23,0,8
BRF:24
BRH:24
end_of_record
TN:
SF:src/guard.ts
FN:27,toPatterns
FN:33,redactContent
FN:47,byteLength
FN:67,guard
FN:73,callTool
FN:85,onAbort
FNF:6
FNH:5
FNDA:7,toPatterns
FNDA:2,redactContent
FNDA:5,byteLength
FNDA:7,guard
FNDA:7,callTool
FNDA:0,onAbort
DA:1,1
DA:16,1
DA:18,1
DA:19,1
DA:20,1
DA:21,1
DA:22,1
DA:23,1
DA:25,1
DA:27,7
DA:28,7
DA:29,7
DA:30,5
DA:31,5
DA:33,2
DA:34,2
DA:35,2
DA:36,2
DA:37,2
DA:38,2
DA:39,2
DA:40,5
DA:41,5
DA:42,5
DA:43,2
DA:44,2
DA:45,2
DA:47,5
DA:48,5
DA:49,5
DA:67,1
DA:68,7
DA:69,7
DA:70,7
DA:71,7
DA:73,7
DA:74,7
DA:75,7
DA:76,7
DA:77,7
DA:78,7
DA:79,1
DA:80,1
DA:81,1
DA:82,1
DA:83,1
DA:84,6
DA:85,6
DA:86,7
DA:87,7
DA:88,7
DA:89,7
DA:90,7
DA:91,7
DA:92,7
DA:93,7
DA:94,7
DA:95,7
DA:96,7
DA:97,7
DA:98,7
DA:99,1
DA:100,1
DA:101,1
DA:102,1
DA:103,1
DA:104,7
DA:105,7
DA:106,2
DA:107,1
DA:108,1
DA:109,1
DA:110,1
DA:111,1
DA:112,1
DA:113,7
DA:114,6
DA:115,6
DA:116,6
DA:117,7
DA:119,7
DA:120,7
LF:82
LH:82
BRDA:27,0,0,7
BRDA:28,1,0,1
BRDA:28,2,0,6
BRDA:29,3,0,1
BRDA:29,4,0,1
BRDA:29,5,0,5
BRDA:28,6,0,4
BRDA:33,7,0,2
BRDA:37,8,0,2
BRDA:39,9,0,5
BRDA:43,10,0,0
BRDA:47,11,0,5
BRDA:67,12,0,7
BRDA:68,13,0,5
BRDA:70,14,0,6
BRDA:73,15,0,7
BRDA:78,16,0,2
BRDA:78,17,0,1
BRDA:83,18,0,6
BRDA:86,19,0,0
BRDA:92,20,0,5
BRDA:93,21,0,2
BRDA:93,22,0,3
BRDA:98,23,0,1
BRDA:103,24,0,4
BRDA:104,25,0,2
BRDA:104,26,0,2
BRDA:105,27,0,2
BRDA:106,28,0,1
BRDA:113,29,0,0
BRDA:113,30,0,6
BRDA:115,31,0,0
BRDA:88,32,0,1
BRDA:95,33,0,5
BRF:34
BRH:30
end_of_record
TN:
SF:src/mock.ts
FN:16,toText
FN:40,createMockServer
FN:57,callTool
FN:85,onAbort
FN:103,listTools
FNF:5
FNH:5
FNDA:7,toText
FNDA:16,createMockServer
FNDA:13,callTool
FNDA:2,onAbort
FNDA:2,listTools
DA:1,1
DA:16,7
DA:17,7
DA:18,2
DA:19,2
DA:20,3
DA:21,1
DA:22,1
DA:23,7
DA:40,1
DA:41,16
DA:42,16
DA:43,16
DA:44,16
DA:45,16
DA:46,16
DA:48,16
DA:49,22
DA:50,1
DA:51,1
DA:52,1
DA:53,1
DA:54,1
DA:55,22
DA:57,15
DA:58,13
DA:59,13
DA:60,13
DA:61,13
DA:62,13
DA:63,13
DA:64,1
DA:65,1
DA:66,1
DA:67,1
DA:68,1
DA:69,12
DA:70,13
DA:71,1
DA:72,1
DA:73,1
DA:74,1
DA:75,1
DA:76,13
DA:77,1
DA:78,1
DA:79,13
DA:80,2
DA:81,2
DA:82,0
DA:83,0
DA:84,2
DA:85,2
DA:86,2
DA:87,2
DA:88,2
DA:89,2
DA:90,2
DA:91,0
DA:92,8
DA:93,8
DA:94,7
DA:95,13
DA:96,1
DA:97,1
DA:98,1
DA:99,13
DA:101,15
DA:102,15
DA:103,15
DA:104,15
DA:105,15
DA:106,15
LF:73
LH:70
BRDA:16,0,0,7
BRDA:17,1,0,5
BRDA:17,2,0,3
BRDA:17,3,0,2
BRDA:20,4,0,1
BRDA:40,5,0,16
BRDA:46,6,0,7
BRDA:46,7,0,9
BRDA:48,8,0,22
BRDA:49,9,0,1
BRDA:55,10,0,15
BRDA:57,11,0,13
BRDA:63,12,0,1
BRDA:68,13,0,12
BRDA:70,14,0,1
BRDA:75,15,0,11
BRDA:76,16,0,7
BRDA:76,17,0,1
BRDA:78,18,0,10
BRDA:79,19,0,2
BRDA:90,20,0,0
BRDA:91,21,0,12
BRDA:91,22,0,8
BRDA:93,23,0,7
BRDA:95,24,0,1
BRDA:96,25,0,0
BRDA:62,26,0,13
BRDA:80,27,0,2
BRDA:85,28,0,2
BRDA:103,29,0,2
BRF:30
BRH:28
end_of_record
TN:
SF:src/types.ts
FN:52,<instance_members_initializer>
FN:53,McpWorksError
FNF:2
FNH:2
FNDA:8,<instance_members_initializer>
FNDA:8,McpWorksError
DA:51,1
DA:52,1
DA:53,1
DA:54,8
DA:55,8
DA:56,8
DA:57,8
DA:58,1
DA:61,1
LF:9
LH:9
BRDA:52,0,0,8
BRDA:53,1,0,8
BRF:2
BRH:2
end_of_record
TN:
SF:src/validate.ts
FN:13,isRecord
FN:17,checkType
FN:49,checkStringConstraints
FN:74,checkNumberConstraints
FN:87,checkEnum
FN:113,validateArgs
FNF:6
FNH:6
FNDA:110,isRecord
FNDA:40,checkType
FNDA:9,checkStringConstraints
FNDA:7,checkNumberConstraints
FNDA:2,checkEnum
FNDA:22,validateArgs
DA:13,110
DA:14,110
DA:15,110
DA:17,40
DA:18,40
DA:19,40
DA:20,19
DA:21,16
DA:22,3
DA:23,40
DA:24,40
DA:25,10
DA:26,1
DA:27,1
DA:28,10
DA:29,2
DA:30,2
DA:31,7
DA:32,40
DA:33,2
DA:34,1
DA:35,1
DA:36,40
DA:37,6
DA:38,5
DA:39,1
DA:40,40
DA:41,3
DA:42,2
DA:43,1
DA:44,40
DA:45,0
DA:46,40
DA:47,40
DA:49,9
DA:50,9
DA:51,9
DA:52,9
DA:53,9
DA:54,9
DA:55,9
DA:56,1
DA:57,1
DA:58,9
DA:59,1
DA:60,1
DA:61,9
DA:62,5
DA:63,5
DA:64,5
DA:65,5
DA:66,1
DA:67,1
DA:68,5
DA:69,1
DA:70,1
DA:71,5
DA:72,9
DA:74,7
DA:75,7
DA:76,7
DA:77,7
DA:78,7
DA:79,7
DA:80,7
DA:81,1
DA:82,1
DA:83,7
DA:84,1
DA:85,1
DA:86,7
DA:87,2
DA:88,2
DA:89,2
DA:90,2
DA:91,2
DA:92,2
DA:93,1
DA:94,1
DA:95,1
DA:96,1
DA:113,1
DA:114,22
DA:115,22
DA:116,22
DA:117,22
DA:118,22
DA:119,1
DA:120,1
DA:121,1
DA:122,1
DA:123,1
DA:124,22
DA:125,22
DA:126,20
DA:127,1
DA:128,22
DA:129,6
DA:130,15
DA:132,22
DA:133,6
DA:134,2
DA:135,2
DA:136,6
DA:138,22
DA:139,45
DA:140,34
DA:141,34
DA:142,45
DA:143,32
DA:144,32
DA:145,8
DA:146,8
DA:147,8
DA:148,32
DA:149,9
DA:150,9
DA:151,24
DA:152,32
DA:153,7
DA:154,32
DA:155,7
DA:156,7
DA:157,32
DA:158,45
DA:159,2
DA:160,2
DA:161,2
DA:162,26
DA:163,26
DA:164,5
DA:165,5
DA:166,45
DA:167,4
DA:168,4
DA:169,8
DA:170,8
DA:171,8
DA:172,8
DA:173,4
DA:174,4
DA:175,1
DA:176,1
DA:177,4
DA:178,1
DA:179,1
DA:180,4
DA:181,26
DA:182,26
DA:183,2
DA:184,2
DA:185,45
DA:186,1
DA:187,1
DA:188,1
DA:189,1
DA:190,1
DA:191,1
DA:192,1
DA:193,1
DA:194,1
DA:195,1
DA:196,1
DA:197,1
DA:198,45
DA:200,21
DA:201,21
LF:167
LH:166
BRDA:13,0,0,110
BRDA:14,1,0,106
BRDA:14,2,0,106
BRDA:17,3,0,40
BRDA:19,4,0,19
BRDA:20,5,0,16
BRDA:21,6,0,3
BRDA:23,7,0,2
BRDA:24,8,0,10
BRDA:25,9,0,1
BRDA:27,10,0,9
BRDA:28,11,0,8
BRDA:28,12,0,2
BRDA:30,13,0,7
BRDA:32,14,0,2
BRDA:33,15,0,1
BRDA:34,16,0,1
BRDA:36,17,0,6
BRDA:37,18,0,5
BRDA:38,19,0,1
BRDA:40,20,0,3
BRDA:41,21,0,2
BRDA:42,22,0,1
BRDA:43,23,0,0
BRDA:44,24,0,0
BRDA:49,25,0,9
BRDA:55,26,0,4
BRDA:55,27,0,1
BRDA:58,28,0,4
BRDA:58,29,0,1
BRDA:61,30,0,5
BRDA:65,31,0,1
BRDA:68,32,0,4
BRDA:68,33,0,1
BRDA:74,34,0,7
BRDA:80,35,0,3
BRDA:80,36,0,1
BRDA:83,37,0,3
BRDA:83,38,0,1
BRDA:87,39,0,2
BRDA:92,40,0,1
BRDA:113,41,0,22
BRDA:118,42,0,1
BRDA:123,43,0,21
BRDA:124,44,0,0
BRDA:125,45,0,20
BRDA:126,46,0,1
BRDA:128,47,0,6
BRDA:129,48,0,15
BRDA:132,49,0,6
BRDA:133,50,0,4
BRDA:133,51,0,2
BRDA:136,52,0,21
BRDA:138,53,0,45
BRDA:139,54,0,34
BRDA:139,55,0,11
BRDA:139,56,0,34
BRDA:140,57,0,0
BRDA:140,58,0,34
BRDA:142,59,0,32
BRDA:144,60,0,8
BRDA:147,61,0,24
BRDA:148,62,0,9
BRDA:148,63,0,9
BRDA:150,64,0,24
BRDA:152,65,0,23
BRDA:152,66,0,7
BRDA:154,67,0,7
BRDA:157,68,0,26
BRDA:158,69,0,2
BRDA:160,70,0,1
BRDA:161,71,0,26
BRDA:163,72,0,5
BRDA:164,73,0,5
BRDA:166,74,0,4
BRDA:174,75,0,1
BRDA:177,76,0,1
BRDA:180,77,0,26
BRDA:182,78,0,2
BRDA:183,79,0,2
BRDA:185,80,0,1
BRDA:198,81,0,21
BRDA:129,82,0,6
BRDA:168,83,0,8
BRDA:171,84,0,1
BRF:85
BRH:81
end_of_record
